Using pre-set license
Built from '2020.3/release' branch; Version is '2020.3.15f2 (6cf78cb77498) revision 7141260'; Using compiler version '192528614'; Build Type 'Release'
OS: 'Windows 10 Home; OS build 19043.1237; Version 2009; 64bit' Language: 'en' Physical Memory: 16302 MB
BatchMode: 1, IsHumanControllingUs: 0, StartBugReporterOnCrash: 0, Is64bit: 1, IsPro: 0

 COMMAND LINE ARGUMENTS:
C:\Program Files\Unity\Hub\Editor\2020.3.15f2\Editor\Unity.exe
-adb2
-batchMode
-noUpm
-name
AssetImportWorker0
-projectPath
C:/Users/Dennis/Documents/GitHub/GAME370_Celia/Celia
-logFile
Logs/AssetImportWorker0.log
-srvPort
<<<<<<< Updated upstream
59647
Successfully changed project path to: C:/Users/Dennis/Documents/GitHub/GAME370_Celia/Celia
C:/Users/Dennis/Documents/GitHub/GAME370_Celia/Celia
Using Asset Import Pipeline V2.
Refreshing native plugins compatible for Editor in 37.99 ms, found 2 plugins.
=======
63251
Successfully changed project path to: C:/Users/klotz/Desktop/GAME370_Celia/Celia
C:/Users/klotz/Desktop/GAME370_Celia/Celia
Using Asset Import Pipeline V2.
Refreshing native plugins compatible for Editor in 55.22 ms, found 2 plugins.
>>>>>>> Stashed changes
Preloading 0 native plugins for Editor in 0.00 ms.
Initialize engine version: 2020.3.15f2 (6cf78cb77498)
[Subsystems] Discovering subsystems at path C:/Program Files/Unity/Hub/Editor/2020.3.15f2/Editor/Data/Resources/UnitySubsystems
[Subsystems] Discovering subsystems at path C:/Users/Dennis/Documents/GitHub/GAME370_Celia/Celia/Assets
GfxDevice: creating device client; threaded=0
Direct3D:
    Version:  Direct3D 11.0 [level 11.1]
    Renderer: NVIDIA GeForce RTX 2070 (ID=0x1f07)
    Vendor:   
    VRAM:     8031 MB
    Driver:   30.0.14.7212
Initialize mono
<<<<<<< Updated upstream
Mono path[0] = 'C:/Program Files/Unity/Hub/Editor/2020.3.15f2/Editor/Data/Managed'
Mono path[1] = 'C:/Program Files/Unity/Hub/Editor/2020.3.15f2/Editor/Data/MonoBleedingEdge/lib/mono/unityjit'
Mono config path = 'C:/Program Files/Unity/Hub/Editor/2020.3.15f2/Editor/Data/MonoBleedingEdge/etc'
Using monoOptions --debugger-agent=transport=dt_socket,embedding=1,server=y,suspend=n,address=127.0.0.1:56412
Begin MonoManager ReloadAssembly
Registering precompiled unity dll's ...
Register platform support module: C:/Program Files/Unity/Hub/Editor/2020.3.15f2/Editor/Data/PlaybackEngines/WebGLSupport/UnityEditor.WebGL.Extensions.dll
Register platform support module: C:/Program Files/Unity/Hub/Editor/2020.3.15f2/Editor/Data/PlaybackEngines/WindowsStandaloneSupport/UnityEditor.WindowsStandalone.Extensions.dll
Registered in 0.002127 seconds.
Native extension for WindowsStandalone target not found
Native extension for WebGL target not found
Refreshing native plugins compatible for Editor in 35.90 ms, found 2 plugins.
Preloading 0 native plugins for Editor in 0.00 ms.
Mono: successfully reloaded assembly
- Completed reload, in  1.095 seconds
Domain Reload Profiling:
	ReloadAssembly (1095ms)
		BeginReloadAssembly (48ms)
=======
Mono path[0] = 'C:/Program Files/Unity/Editor/Data/Managed'
Mono path[1] = 'C:/Program Files/Unity/Editor/Data/MonoBleedingEdge/lib/mono/unityjit'
Mono config path = 'C:/Program Files/Unity/Editor/Data/MonoBleedingEdge/etc'
Using monoOptions --debugger-agent=transport=dt_socket,embedding=1,server=y,suspend=n,address=127.0.0.1:56756
Begin MonoManager ReloadAssembly
Registering precompiled unity dll's ...
Register platform support module: C:/Program Files/Unity/Editor/Data/PlaybackEngines/WebGLSupport/UnityEditor.WebGL.Extensions.dll
Register platform support module: C:/Program Files/Unity/Editor/Data/PlaybackEngines/WindowsStandaloneSupport/UnityEditor.WindowsStandalone.Extensions.dll
Registered in 0.036751 seconds.
Native extension for WindowsStandalone target not found
Native extension for WebGL target not found
Refreshing native plugins compatible for Editor in 45.98 ms, found 2 plugins.
Preloading 0 native plugins for Editor in 0.00 ms.
Mono: successfully reloaded assembly
- Completed reload, in  1.344 seconds
Domain Reload Profiling:
	ReloadAssembly (1344ms)
		BeginReloadAssembly (58ms)
>>>>>>> Stashed changes
			ExecutionOrderSort (0ms)
			DisableScriptedObjects (0ms)
			BackupInstance (0ms)
			ReleaseScriptingObjects (0ms)
			CreateAndSetChildDomain (1ms)
<<<<<<< Updated upstream
		EndReloadAssembly (340ms)
			LoadAssemblies (46ms)
			RebuildTransferFunctionScriptingTraits (0ms)
			SetupTypeCache (123ms)
			ReleaseScriptCaches (0ms)
			RebuildScriptCaches (25ms)
			SetupLoadedEditorAssemblies (135ms)
				LogAssemblyErrors (0ms)
				InitializePlatformSupportModulesInManaged (4ms)
				SetLoadedEditorAssemblies (0ms)
				RefreshPlugins (36ms)
				BeforeProcessingInitializeOnLoad (11ms)
				ProcessInitializeOnLoadAttributes (63ms)
				ProcessInitializeOnLoadMethodAttributes (21ms)
=======
		EndReloadAssembly (503ms)
			LoadAssemblies (62ms)
			RebuildTransferFunctionScriptingTraits (0ms)
			SetupTypeCache (164ms)
			ReleaseScriptCaches (0ms)
			RebuildScriptCaches (36ms)
			SetupLoadedEditorAssemblies (192ms)
				LogAssemblyErrors (0ms)
				InitializePlatformSupportModulesInManaged (6ms)
				SetLoadedEditorAssemblies (0ms)
				RefreshPlugins (46ms)
				BeforeProcessingInitializeOnLoad (25ms)
				ProcessInitializeOnLoadAttributes (84ms)
				ProcessInitializeOnLoadMethodAttributes (30ms)
>>>>>>> Stashed changes
				AfterProcessingInitializeOnLoad (0ms)
				EditorAssembliesLoaded (0ms)
			ExecutionOrderSort2 (0ms)
			AwakeInstancesAfterBackupRestoration (0ms)
Platform modules already initialized, skipping
Registering precompiled user dll's ...
<<<<<<< Updated upstream
Registered in 0.004502 seconds.
Begin MonoManager ReloadAssembly
Native extension for WindowsStandalone target not found
Native extension for WebGL target not found
Refreshing native plugins compatible for Editor in 34.60 ms, found 2 plugins.
Preloading 0 native plugins for Editor in 0.00 ms.
Mono: successfully reloaded assembly
- Completed reload, in  1.009 seconds
Domain Reload Profiling:
	ReloadAssembly (1009ms)
		BeginReloadAssembly (126ms)
=======
Registered in 0.078672 seconds.
Begin MonoManager ReloadAssembly
Symbol file data-0000014FF565D640 doesn't match image C:\Users\klotz\Desktop\GAME370_Celia\Celia\Library\ScriptAssemblies\Unity.VSCode.Editor.dll
Symbol file LoadedFromMemory is not a mono symbol file
Symbol file data-0000014FF026D080 doesn't match image C:\Users\klotz\Desktop\GAME370_Celia\Celia\Library\ScriptAssemblies\Unity.VisualStudio.Editor.dll
Symbol file LoadedFromMemory is not a mono symbol file
Symbol file data-0000014FF5A97290 doesn't match image C:\Users\klotz\Desktop\GAME370_Celia\Celia\Library\ScriptAssemblies\UnityEngine.TestRunner.dll
Symbol file LoadedFromMemory is not a mono symbol file
Symbol file data-0000014FF0BAF850 doesn't match image C:\Users\klotz\Desktop\GAME370_Celia\Celia\Library\ScriptAssemblies\Unity.Timeline.dll
Symbol file LoadedFromMemory is not a mono symbol file
Symbol file data-0000014FF5A97290 doesn't match image C:\Users\klotz\Desktop\GAME370_Celia\Celia\Library\ScriptAssemblies\Unity.CollabProxy.Editor.dll
Symbol file LoadedFromMemory is not a mono symbol file
Symbol file data-0000014FF61CA230 doesn't match image C:\Users\klotz\Desktop\GAME370_Celia\Celia\Library\ScriptAssemblies\UnityEditor.TestRunner.dll
Symbol file LoadedFromMemory is not a mono symbol file
Symbol file data-0000014FF5634E20 doesn't match image C:\Users\klotz\Desktop\GAME370_Celia\Celia\Library\ScriptAssemblies\UnityEditor.UI.dll
Symbol file LoadedFromMemory is not a mono symbol file
Symbol file data-0000014FF05AA980 doesn't match image C:\Users\klotz\Desktop\GAME370_Celia\Celia\Library\ScriptAssemblies\Unity.InputSystem.dll
Symbol file LoadedFromMemory is not a mono symbol file
Symbol file data-0000014FF026D080 doesn't match image C:\Users\klotz\Desktop\GAME370_Celia\Celia\Library\ScriptAssemblies\Unity.Rider.Editor.dll
Symbol file LoadedFromMemory is not a mono symbol file
Symbol file data-0000014FF4804450 doesn't match image C:\Users\klotz\Desktop\GAME370_Celia\Celia\Library\ScriptAssemblies\UnityEngine.UI.dll
Symbol file LoadedFromMemory is not a mono symbol file
Symbol file data-0000014FF497D020 doesn't match image C:\Users\klotz\Desktop\GAME370_Celia\Celia\Library\ScriptAssemblies\Unity.PlasticSCM.Editor.dll
Symbol file LoadedFromMemory is not a mono symbol file
Native extension for WindowsStandalone target not found
Native extension for WebGL target not found
Refreshing native plugins compatible for Editor in 51.11 ms, found 2 plugins.
Preloading 0 native plugins for Editor in 0.00 ms.
Mono: successfully reloaded assembly
- Completed reload, in  1.934 seconds
Domain Reload Profiling:
	ReloadAssembly (1935ms)
		BeginReloadAssembly (154ms)
>>>>>>> Stashed changes
			ExecutionOrderSort (0ms)
			DisableScriptedObjects (4ms)
			BackupInstance (0ms)
			ReleaseScriptingObjects (0ms)
<<<<<<< Updated upstream
			CreateAndSetChildDomain (15ms)
		EndReloadAssembly (825ms)
			LoadAssemblies (77ms)
			RebuildTransferFunctionScriptingTraits (0ms)
			SetupTypeCache (239ms)
			ReleaseScriptCaches (0ms)
			RebuildScriptCaches (44ms)
			SetupLoadedEditorAssemblies (374ms)
				LogAssemblyErrors (0ms)
				InitializePlatformSupportModulesInManaged (4ms)
				SetLoadedEditorAssemblies (0ms)
				RefreshPlugins (35ms)
				BeforeProcessingInitializeOnLoad (66ms)
				ProcessInitializeOnLoadAttributes (259ms)
				ProcessInitializeOnLoadMethodAttributes (4ms)
				AfterProcessingInitializeOnLoad (5ms)
				EditorAssembliesLoaded (0ms)
			ExecutionOrderSort2 (0ms)
			AwakeInstancesAfterBackupRestoration (5ms)
Platform modules already initialized, skipping
========================================================================
Worker process is ready to serve import requests
Launched and connected shader compiler UnityShaderCompiler.exe after 0.05 seconds
Refreshing native plugins compatible for Editor in 0.37 ms, found 2 plugins.
=======
			CreateAndSetChildDomain (20ms)
		EndReloadAssembly (1708ms)
			LoadAssemblies (502ms)
			RebuildTransferFunctionScriptingTraits (0ms)
			SetupTypeCache (313ms)
			ReleaseScriptCaches (1ms)
			RebuildScriptCaches (57ms)
			SetupLoadedEditorAssemblies (702ms)
				LogAssemblyErrors (0ms)
				InitializePlatformSupportModulesInManaged (5ms)
				SetLoadedEditorAssemblies (0ms)
				RefreshPlugins (51ms)
				BeforeProcessingInitializeOnLoad (90ms)
				ProcessInitializeOnLoadAttributes (540ms)
				ProcessInitializeOnLoadMethodAttributes (6ms)
				AfterProcessingInitializeOnLoad (10ms)
				EditorAssembliesLoaded (0ms)
			ExecutionOrderSort2 (0ms)
			AwakeInstancesAfterBackupRestoration (7ms)
Platform modules already initialized, skipping
========================================================================
Worker process is ready to serve import requests
Launched and connected shader compiler UnityShaderCompiler.exe after 0.20 seconds
Refreshing native plugins compatible for Editor in 0.90 ms, found 2 plugins.
>>>>>>> Stashed changes
Preloading 0 native plugins for Editor in 0.00 ms.
Unloading 1986 Unused Serialized files (Serialized files now loaded: 0)
System memory in use before: 95.5 MB.
System memory in use after: 95.2 MB.

<<<<<<< Updated upstream
Unloading 24 unused Assets to reduce memory usage. Loaded Objects now: 2428.
Total: 2.359400 ms (FindLiveObjects: 0.150000 ms CreateObjectMapping: 0.054900 ms MarkObjects: 1.871400 ms  DeleteObjects: 0.281900 ms)
=======
Unloading 24 unused Assets to reduce memory usage. Loaded Objects now: 2426.
Total: 4.172900 ms (FindLiveObjects: 0.198200 ms CreateObjectMapping: 0.059400 ms MarkObjects: 3.575700 ms  DeleteObjects: 0.338100 ms)
>>>>>>> Stashed changes

AssetImportParameters requested are different than current active one (requested -> active):
  custom:framework-win-MediaFoundation: 216162199b28c13a410421893ffa2e32 -> 
  custom:video-decoder-ogg-theora: a1e56fd34408186e4bbccfd4996cb3dc -> 
  custom:container-muxer-webm: aa71ff27fc2769a1b78a27578f13a17b -> 
  custom:container-demuxer-webm: 4f35f7cbe854078d1ac9338744f61a02 -> 
  custom:container-demuxer-ogg: 62fdf1f143b41e24485cea50d1cbac27 -> 
  custom:video-encoder-webm-vp8: eb34c28f22e8b96e1ab97ce403110664 -> 
  custom:video-decoder-webm-vp8: 9c59270c3fd7afecdb556c50c9e8de78 -> 
  custom:audio-decoder-ogg-vorbis: bf7c407c2cedff20999df2af8eb42d56 -> 
  custom:audio-encoder-webm-vorbis: bf7c407c2cedff20999df2af8eb42d56 -> 
========================================================================
Received Import Request.
<<<<<<< Updated upstream
  path: Assets/Prefabs/HorizontalMovingPlatform.prefab
  artifactKey: Guid(f5deea2f303af514cb406dcb078e315b) Importer(815301076,1909f56bfc062723c751e8b465ee728b)
Start importing Assets/Prefabs/HorizontalMovingPlatform.prefab using Guid(f5deea2f303af514cb406dcb078e315b) Importer(815301076,1909f56bfc062723c751e8b465ee728b)  -> (artifact id: '4f2b4228bb42f15abeee7851e78c371d') in 0.091959 seconds 
  Import took 0.094332 seconds .

========================================================================
Received Import Request.
  Time since last request: 104.818592 seconds.
  path: Assets/Prefabs/HorizontalMovingPlatform Variant.prefab
  artifactKey: Guid(c5ad95f868554c54692eb729e6df1e74) Importer(815301076,1909f56bfc062723c751e8b465ee728b)
Start importing Assets/Prefabs/HorizontalMovingPlatform Variant.prefab using Guid(c5ad95f868554c54692eb729e6df1e74) Importer(815301076,1909f56bfc062723c751e8b465ee728b)  -> (artifact id: '265b2ab83b6d1d53bd2c538f006de952') in 0.010898 seconds 
  Import took 0.013578 seconds .

========================================================================
Received Import Request.
  Time since last request: 38.125941 seconds.
  path: Assets/Models/Materials/Colors/Blue.mat
  artifactKey: Guid(112334c8879b66c4eb8993d756575de1) Importer(815301076,1909f56bfc062723c751e8b465ee728b)
Start importing Assets/Models/Materials/Colors/Blue.mat using Guid(112334c8879b66c4eb8993d756575de1) Importer(815301076,1909f56bfc062723c751e8b465ee728b)  -> (artifact id: '9590602053b90ad0400600a4fcf835f6') in 0.023126 seconds 
  Import took 0.025612 seconds .

========================================================================
Received Import Request.
  Time since last request: 0.000279 seconds.
  path: Assets/Models/Materials/Colors/Purple.mat
  artifactKey: Guid(f7719a7e9fb0ff545937a7c4fd1a3640) Importer(815301076,1909f56bfc062723c751e8b465ee728b)
Start importing Assets/Models/Materials/Colors/Purple.mat using Guid(f7719a7e9fb0ff545937a7c4fd1a3640) Importer(815301076,1909f56bfc062723c751e8b465ee728b)  -> (artifact id: '45b70055ed443b37f0d97614bdd75692') in 0.008460 seconds 
  Import took 0.010902 seconds .

========================================================================
Received Import Request.
  Time since last request: 0.000338 seconds.
  path: Assets/Models/Materials/Colors/Green.mat
  artifactKey: Guid(dddafd155c1ce21489a97d2449c483a7) Importer(815301076,1909f56bfc062723c751e8b465ee728b)
Start importing Assets/Models/Materials/Colors/Green.mat using Guid(dddafd155c1ce21489a97d2449c483a7) Importer(815301076,1909f56bfc062723c751e8b465ee728b)  -> (artifact id: 'c4856a9e1d2656b74f7b742213af0428') in 0.011551 seconds 
  Import took 0.014099 seconds .

========================================================================
Received Import Request.
  Time since last request: 0.000240 seconds.
  path: Assets/Models/Materials/Colors/Dark.mat
  artifactKey: Guid(3394e1cbfe5dc0145bb153475611759c) Importer(815301076,1909f56bfc062723c751e8b465ee728b)
Start importing Assets/Models/Materials/Colors/Dark.mat using Guid(3394e1cbfe5dc0145bb153475611759c) Importer(815301076,1909f56bfc062723c751e8b465ee728b)  -> (artifact id: 'f3e6bd74106b08ee2d0675abb8705aca') in 0.008059 seconds 
  Import took 0.010833 seconds .

========================================================================
Received Import Request.
  Time since last request: 0.000260 seconds.
  path: Assets/Models/Materials/Colors/Red.mat
  artifactKey: Guid(20aea99811d319a43959b52a6ac3320f) Importer(815301076,1909f56bfc062723c751e8b465ee728b)
Start importing Assets/Models/Materials/Colors/Red.mat using Guid(20aea99811d319a43959b52a6ac3320f) Importer(815301076,1909f56bfc062723c751e8b465ee728b)  -> (artifact id: '899a3871bc1a986acd1585152d32b783') in 0.011015 seconds 
  Import took 0.013617 seconds .

========================================================================
Received Import Request.
  Time since last request: 0.000230 seconds.
  path: Assets/Models/Materials/Colors/Yellow.mat
  artifactKey: Guid(d91025e209ffb3d48b474a7f5e91a918) Importer(815301076,1909f56bfc062723c751e8b465ee728b)
Start importing Assets/Models/Materials/Colors/Yellow.mat using Guid(d91025e209ffb3d48b474a7f5e91a918) Importer(815301076,1909f56bfc062723c751e8b465ee728b)  -> (artifact id: 'b78e120b10124aa40cbe8ed683e6f0da') in 0.007224 seconds 
  Import took 0.009924 seconds .

========================================================================
Received Import Request.
  Time since last request: 0.000226 seconds.
  path: Assets/Models/Materials/Colors/Gold.mat
  artifactKey: Guid(f9dec5c615037e942b4e3064974a86ab) Importer(815301076,1909f56bfc062723c751e8b465ee728b)
Start importing Assets/Models/Materials/Colors/Gold.mat using Guid(f9dec5c615037e942b4e3064974a86ab) Importer(815301076,1909f56bfc062723c751e8b465ee728b)  -> (artifact id: '2fdc3dcbcaf13d6651477527cbc9110c') in 0.011822 seconds 
  Import took 0.014297 seconds .

========================================================================
Received Import Request.
  Time since last request: 0.000284 seconds.
  path: Assets/Models/Materials/Colors/Pink.mat
  artifactKey: Guid(50d6a067e2947ed42bd1eda6c389643d) Importer(815301076,1909f56bfc062723c751e8b465ee728b)
Start importing Assets/Models/Materials/Colors/Pink.mat using Guid(50d6a067e2947ed42bd1eda6c389643d) Importer(815301076,1909f56bfc062723c751e8b465ee728b)  -> (artifact id: 'f9cef44c13779d454f2ec9847419ddce') in 0.008495 seconds 
  Import took 0.010856 seconds .

========================================================================
Received Import Request.
  Time since last request: 0.000198 seconds.
  path: Assets/Models/Materials/Colors/Residual Magic.mat
  artifactKey: Guid(9c247d0c722a470428fa54523b704976) Importer(815301076,1909f56bfc062723c751e8b465ee728b)
Start importing Assets/Models/Materials/Colors/Residual Magic.mat using Guid(9c247d0c722a470428fa54523b704976) Importer(815301076,1909f56bfc062723c751e8b465ee728b)  -> (artifact id: 'cc53768fcb2b159aa46d4d6f3fbd6ac7') in 0.013530 seconds 
  Import took 0.015863 seconds .

========================================================================
Received Import Request.
  Time since last request: 0.000293 seconds.
  path: Assets/Models/Materials/Colors/Cyan.mat
  artifactKey: Guid(2fe4eda1738a01d428059e66c8193fa8) Importer(815301076,1909f56bfc062723c751e8b465ee728b)
Start importing Assets/Models/Materials/Colors/Cyan.mat using Guid(2fe4eda1738a01d428059e66c8193fa8) Importer(815301076,1909f56bfc062723c751e8b465ee728b)  -> (artifact id: '2d7d0b56cd678f62bc3fbf91a7f35bc8') in 0.010746 seconds 
  Import took 0.013074 seconds .

========================================================================
Received Import Request.
  Time since last request: 148.167082 seconds.
  path: Assets/Prefabs/Vertical Platform.prefab
  artifactKey: Guid(27f9f58527223934bbf4c9fc7bd0373f) Importer(815301076,1909f56bfc062723c751e8b465ee728b)
Start importing Assets/Prefabs/Vertical Platform.prefab using Guid(27f9f58527223934bbf4c9fc7bd0373f) Importer(815301076,1909f56bfc062723c751e8b465ee728b)  -> (artifact id: '0f5d4c5a1ca913d015711914b7a0b15b') in 0.010959 seconds 
  Import took 0.014304 seconds .

========================================================================
Received Prepare
Registering precompiled user dll's ...
Registered in 0.003682 seconds.
Begin MonoManager ReloadAssembly
Native extension for WindowsStandalone target not found
Native extension for WebGL target not found
Refreshing native plugins compatible for Editor in 0.39 ms, found 2 plugins.
Preloading 0 native plugins for Editor in 0.00 ms.
Mono: successfully reloaded assembly
- Completed reload, in  0.916 seconds
Domain Reload Profiling:
	ReloadAssembly (917ms)
		BeginReloadAssembly (99ms)
			ExecutionOrderSort (0ms)
			DisableScriptedObjects (3ms)
			BackupInstance (0ms)
			ReleaseScriptingObjects (0ms)
			CreateAndSetChildDomain (27ms)
		EndReloadAssembly (767ms)
			LoadAssemblies (72ms)
			RebuildTransferFunctionScriptingTraits (0ms)
			SetupTypeCache (228ms)
			ReleaseScriptCaches (1ms)
			RebuildScriptCaches (34ms)
			SetupLoadedEditorAssemblies (340ms)
				LogAssemblyErrors (0ms)
				InitializePlatformSupportModulesInManaged (4ms)
				SetLoadedEditorAssemblies (0ms)
				RefreshPlugins (0ms)
				BeforeProcessingInitializeOnLoad (65ms)
				ProcessInitializeOnLoadAttributes (259ms)
				ProcessInitializeOnLoadMethodAttributes (5ms)
				AfterProcessingInitializeOnLoad (6ms)
				EditorAssembliesLoaded (0ms)
			ExecutionOrderSort2 (0ms)
			AwakeInstancesAfterBackupRestoration (6ms)
Platform modules already initialized, skipping
Refreshing native plugins compatible for Editor in 0.41 ms, found 2 plugins.
Preloading 0 native plugins for Editor in 0.00 ms.
Unloading 1958 Unused Serialized files (Serialized files now loaded: 0)
System memory in use before: 96.6 MB.
System memory in use after: 96.3 MB.

Unloading 17 unused Assets to reduce memory usage. Loaded Objects now: 2473.
Total: 2.439000 ms (FindLiveObjects: 0.160100 ms CreateObjectMapping: 0.069900 ms MarkObjects: 1.902500 ms  DeleteObjects: 0.305400 ms)
=======
  path: Assets/Models/Materials/Colors/Purple.mat
  artifactKey: Guid(f7719a7e9fb0ff545937a7c4fd1a3640) Importer(815301076,1909f56bfc062723c751e8b465ee728b)
Start importing Assets/Models/Materials/Colors/Purple.mat using Guid(f7719a7e9fb0ff545937a7c4fd1a3640) Importer(815301076,1909f56bfc062723c751e8b465ee728b)  -> (artifact id: '45b70055ed443b37f0d97614bdd75692') in 0.475791 seconds 
  Import took 0.502640 seconds .

========================================================================
Received Import Request.
  Time since last request: 0.000470 seconds.
  path: Assets/Models/Materials/Colors/Green.mat
  artifactKey: Guid(dddafd155c1ce21489a97d2449c483a7) Importer(815301076,1909f56bfc062723c751e8b465ee728b)
Start importing Assets/Models/Materials/Colors/Green.mat using Guid(dddafd155c1ce21489a97d2449c483a7) Importer(815301076,1909f56bfc062723c751e8b465ee728b)  -> (artifact id: 'c4856a9e1d2656b74f7b742213af0428') in 0.085766 seconds 
  Import took 0.105367 seconds .

========================================================================
Received Import Request.
  Time since last request: 0.000292 seconds.
  path: Assets/Models/Materials/Colors/Dark.mat
  artifactKey: Guid(3394e1cbfe5dc0145bb153475611759c) Importer(815301076,1909f56bfc062723c751e8b465ee728b)
Start importing Assets/Models/Materials/Colors/Dark.mat using Guid(3394e1cbfe5dc0145bb153475611759c) Importer(815301076,1909f56bfc062723c751e8b465ee728b)  -> (artifact id: 'f3e6bd74106b08ee2d0675abb8705aca') in 0.022315 seconds 
  Import took 0.025517 seconds .

========================================================================
Received Import Request.
  Time since last request: 0.000267 seconds.
  path: Assets/Models/Materials/Colors/Red.mat
  artifactKey: Guid(20aea99811d319a43959b52a6ac3320f) Importer(815301076,1909f56bfc062723c751e8b465ee728b)
Start importing Assets/Models/Materials/Colors/Red.mat using Guid(20aea99811d319a43959b52a6ac3320f) Importer(815301076,1909f56bfc062723c751e8b465ee728b)  -> (artifact id: '899a3871bc1a986acd1585152d32b783') in 0.020993 seconds 
  Import took 0.056200 seconds .

========================================================================
Received Import Request.
  Time since last request: 0.000362 seconds.
  path: Assets/Models/Materials/Colors/Yellow.mat
  artifactKey: Guid(d91025e209ffb3d48b474a7f5e91a918) Importer(815301076,1909f56bfc062723c751e8b465ee728b)
Start importing Assets/Models/Materials/Colors/Yellow.mat using Guid(d91025e209ffb3d48b474a7f5e91a918) Importer(815301076,1909f56bfc062723c751e8b465ee728b)  -> (artifact id: 'b78e120b10124aa40cbe8ed683e6f0da') in 0.033795 seconds 
  Import took 0.074344 seconds .

========================================================================
Received Import Request.
  Time since last request: 1171.889323 seconds.
  path: Assets/Models/Standard Assets/ParticleSystems/Prefabs/Afterburner.prefab
  artifactKey: Guid(d8c41be67f41aa545ae053b0b927f821) Importer(815301076,1909f56bfc062723c751e8b465ee728b)
Start importing Assets/Models/Standard Assets/ParticleSystems/Prefabs/Afterburner.prefab using Guid(d8c41be67f41aa545ae053b0b927f821) Importer(815301076,1909f56bfc062723c751e8b465ee728b)  -> (artifact id: '9dfa48f5de68a5ea21ae3a20b448f51c') in 0.607052 seconds 
  Import took 0.624678 seconds .

========================================================================
Received Import Request.
  Time since last request: 0.000312 seconds.
  path: Assets/Models/Standard Assets/Effects/Projectors/Prefabs/BlobLightProjector.prefab
  artifactKey: Guid(21543d2b66928224f8a9536ff3811682) Importer(815301076,1909f56bfc062723c751e8b465ee728b)
Start importing Assets/Models/Standard Assets/Effects/Projectors/Prefabs/BlobLightProjector.prefab using Guid(21543d2b66928224f8a9536ff3811682) Importer(815301076,1909f56bfc062723c751e8b465ee728b)  -> (artifact id: 'a656eb3592c3964760df0317e5379218') in 0.019703 seconds 
  Import took 0.038211 seconds .

========================================================================
Received Import Request.
  Time since last request: 0.000263 seconds.
  path: Assets/Models/Standard Assets/Vehicles/Aircraft/Prefabs/AircraftJetAI.prefab
  artifactKey: Guid(6f7604981ce4c064cbe5284c437c5699) Importer(815301076,1909f56bfc062723c751e8b465ee728b)
Start importing Assets/Models/Standard Assets/Vehicles/Aircraft/Prefabs/AircraftJetAI.prefab using Guid(6f7604981ce4c064cbe5284c437c5699) Importer(815301076,1909f56bfc062723c751e8b465ee728b)  -> (artifact id: '865d77d753371457c9dc20f91dd06887') in 1.842003 seconds 
  Import took 1.869473 seconds .

========================================================================
Received Import Request.
  Time since last request: 0.000235 seconds.
  path: Assets/Models/Standard Assets/Vehicles/Aircraft/Prefabs/AircraftPropellerAi.prefab
  artifactKey: Guid(cd707c1f484f43249bab272ac76a0174) Importer(815301076,1909f56bfc062723c751e8b465ee728b)
Start importing Assets/Models/Standard Assets/Vehicles/Aircraft/Prefabs/AircraftPropellerAi.prefab using Guid(cd707c1f484f43249bab272ac76a0174) Importer(815301076,1909f56bfc062723c751e8b465ee728b)  -> (artifact id: 'd118f090284fdfe1d32240f98bea5eb4') in 0.744132 seconds 
  Import took 0.764765 seconds .

========================================================================
Received Import Request.
  Time since last request: 0.000295 seconds.
  path: Assets/Models/Standard Assets/Vehicles/Aircraft/Prefabs/AircraftJet.prefab
  artifactKey: Guid(147d826ca4c5a834a9dfe5db390c47f4) Importer(815301076,1909f56bfc062723c751e8b465ee728b)
Start importing Assets/Models/Standard Assets/Vehicles/Aircraft/Prefabs/AircraftJet.prefab using Guid(147d826ca4c5a834a9dfe5db390c47f4) Importer(815301076,1909f56bfc062723c751e8b465ee728b)  -> (artifact id: 'c6c5dbdc76ec237f22f1d9ce34ff4637') in 0.115259 seconds 
  Import took 0.130136 seconds .

========================================================================
Received Import Request.
  Time since last request: 0.000327 seconds.
  path: Assets/Models/Standard Assets/Vehicles/Aircraft/Prefabs/AircraftPropeller.prefab
  artifactKey: Guid(7e1741de780e13f42a448fdb5b60c1e1) Importer(815301076,1909f56bfc062723c751e8b465ee728b)
Start importing Assets/Models/Standard Assets/Vehicles/Aircraft/Prefabs/AircraftPropeller.prefab using Guid(7e1741de780e13f42a448fdb5b60c1e1) Importer(815301076,1909f56bfc062723c751e8b465ee728b)  -> (artifact id: '72e7df16cb49760656d3c085b2a86975') in 0.108436 seconds 
  Import took 0.131379 seconds .

========================================================================
Received Import Request.
  Time since last request: 0.000268 seconds.
  path: Assets/Models/Standard Assets/Characters/ThirdPersonCharacter/Prefabs/AIThirdPersonController.prefab
  artifactKey: Guid(54eb5844754051b40a918a84c33b7c1a) Importer(815301076,1909f56bfc062723c751e8b465ee728b)
Start importing Assets/Models/Standard Assets/Characters/ThirdPersonCharacter/Prefabs/AIThirdPersonController.prefab using Guid(54eb5844754051b40a918a84c33b7c1a) Importer(815301076,1909f56bfc062723c751e8b465ee728b)  -> (artifact id: '63a4f8dc87bab1b65ad72ba615f4e6f7') in 1.255705 seconds 
  Import took 1.277794 seconds .
>>>>>>> Stashed changes

AssetImportParameters requested are different than current active one (requested -> active):
  custom:framework-win-MediaFoundation: 216162199b28c13a410421893ffa2e32 -> 
  custom:video-decoder-ogg-theora: a1e56fd34408186e4bbccfd4996cb3dc -> 
  custom:container-muxer-webm: aa71ff27fc2769a1b78a27578f13a17b -> 
  custom:container-demuxer-webm: 4f35f7cbe854078d1ac9338744f61a02 -> 
  custom:container-demuxer-ogg: 62fdf1f143b41e24485cea50d1cbac27 -> 
  custom:video-encoder-webm-vp8: eb34c28f22e8b96e1ab97ce403110664 -> 
  custom:video-decoder-webm-vp8: 9c59270c3fd7afecdb556c50c9e8de78 -> 
  custom:audio-decoder-ogg-vorbis: bf7c407c2cedff20999df2af8eb42d56 -> 
  custom:audio-encoder-webm-vorbis: bf7c407c2cedff20999df2af8eb42d56 -> 
AssetImportWorkerClient::OnTransportError - code=2 error=End of file
